Start testing: Sep 13 23:31 SE Asia Standard Time
----------------------------------------------------------
1/8 Testing: FoundationTests
1/8 Test: FoundationTests
Command: "C:/Users/Hotaru/Downloads/NEU/nam3/K1N3/OOP/Btnhom/trongdongpalace/build/FoundationTests.exe"
Directory: C:/Users/Hotaru/Downloads/NEU/nam3/K1N3/OOP/Btnhom/trongdongpalace/build
"FoundationTests" start time: Sep 13 23:31 SE Asia Standard Time
Output:
----------------------------------------------------------
FoundationTests: PASS
<end of output>
Test time =   1.67 sec
----------------------------------------------------------
Test Passed.
"FoundationTests" end time: Sep 13 23:31 SE Asia Standard Time
"FoundationTests" time elapsed: 00:00:01
----------------------------------------------------------

2/8 Testing: ExceptionHierarchyTests
2/8 Test: ExceptionHierarchyTests
Command: "C:/Users/Hotaru/Downloads/NEU/nam3/K1N3/OOP/Btnhom/trongdongpalace/build/FoundationTests.exe" "exceptions"
Directory: C:/Users/Hotaru/Downloads/NEU/nam3/K1N3/OOP/Btnhom/trongdongpalace/build
"ExceptionHierarchyTests" start time: Sep 13 23:31 SE Asia Standard Time
Output:
----------------------------------------------------------
FoundationTests: PASS
<end of output>
Test time =   0.01 sec
----------------------------------------------------------
Test Passed.
"ExceptionHierarchyTests" end time: Sep 13 23:31 SE Asia Standard Time
"ExceptionHierarchyTests" time elapsed: 00:00:00
----------------------------------------------------------

3/8 Testing: JsonStorageTests
3/8 Test: JsonStorageTests
Command: "C:/Users/Hotaru/Downloads/NEU/nam3/K1N3/OOP/Btnhom/trongdongpalace/build/FoundationTests.exe" "json"
Directory: C:/Users/Hotaru/Downloads/NEU/nam3/K1N3/OOP/Btnhom/trongdongpalace/build
"JsonStorageTests" start time: Sep 13 23:31 SE Asia Standard Time
Output:
----------------------------------------------------------
FoundationTests: PASS
<end of output>
Test time =   0.01 sec
----------------------------------------------------------
Test Passed.
"JsonStorageTests" end time: Sep 13 23:31 SE Asia Standard Time
"JsonStorageTests" time elapsed: 00:00:00
----------------------------------------------------------

4/8 Testing: BaseModelTests
4/8 Test: BaseModelTests
Command: "C:/Users/Hotaru/Downloads/NEU/nam3/K1N3/OOP/Btnhom/trongdongpalace/build/FoundationTests.exe" "models"
Directory: C:/Users/Hotaru/Downloads/NEU/nam3/K1N3/OOP/Btnhom/trongdongpalace/build
"BaseModelTests" start time: Sep 13 23:31 SE Asia Standard Time
Output:
----------------------------------------------------------
FoundationTests: PASS
<end of output>
Test time =   0.01 sec
----------------------------------------------------------
Test Passed.
"BaseModelTests" end time: Sep 13 23:31 SE Asia Standard Time
"BaseModelTests" time elapsed: 00:00:00
----------------------------------------------------------

5/8 Testing: EventPolymorphismTests
5/8 Test: EventPolymorphismTests
Command: "C:/Users/Hotaru/Downloads/NEU/nam3/K1N3/OOP/Btnhom/trongdongpalace/build/FoundationTests.exe" "events"
Directory: C:/Users/Hotaru/Downloads/NEU/nam3/K1N3/OOP/Btnhom/trongdongpalace/build
"EventPolymorphismTests" start time: Sep 13 23:31 SE Asia Standard Time
Output:
----------------------------------------------------------
FoundationTests: PASS
<end of output>
Test time =   0.02 sec
----------------------------------------------------------
Test Passed.
"EventPolymorphismTests" end time: Sep 13 23:31 SE Asia Standard Time
"EventPolymorphismTests" time elapsed: 00:00:00
----------------------------------------------------------

6/8 Testing: CustomerCrudTests
6/8 Test: CustomerCrudTests
Command: "C:/Users/Hotaru/Downloads/NEU/nam3/K1N3/OOP/Btnhom/trongdongpalace/build/FoundationTests.exe" "customer"
Directory: C:/Users/Hotaru/Downloads/NEU/nam3/K1N3/OOP/Btnhom/trongdongpalace/build
"CustomerCrudTests" start time: Sep 13 23:31 SE Asia Standard Time
Output:
----------------------------------------------------------
FoundationTests: PASS
<end of output>
Test time =   0.02 sec
----------------------------------------------------------
Test Passed.
"CustomerCrudTests" end time: Sep 13 23:31 SE Asia Standard Time
"CustomerCrudTests" time elapsed: 00:00:00
----------------------------------------------------------

7/8 Testing: CenterHallCrudTests
7/8 Test: CenterHallCrudTests
Command: "C:/Users/Hotaru/Downloads/NEU/nam3/K1N3/OOP/Btnhom/trongdongpalace/build/FoundationTests.exe" "centerhall"
Directory: C:/Users/Hotaru/Downloads/NEU/nam3/K1N3/OOP/Btnhom/trongdongpalace/build
"CenterHallCrudTests" start time: Sep 13 23:31 SE Asia Standard Time
Output:
----------------------------------------------------------
FoundationTests: PASS
<end of output>
Test time =   0.02 sec
----------------------------------------------------------
Test Passed.
"CenterHallCrudTests" end time: Sep 13 23:31 SE Asia Standard Time
"CenterHallCrudTests" time elapsed: 00:00:00
----------------------------------------------------------

8/8 Testing: AuthenticationAuthorizationTests
8/8 Test: AuthenticationAuthorizationTests
Command: "C:/Users/Hotaru/Downloads/NEU/nam3/K1N3/OOP/Btnhom/trongdongpalace/build/FoundationTests.exe" "auth"
Directory: C:/Users/Hotaru/Downloads/NEU/nam3/K1N3/OOP/Btnhom/trongdongpalace/build
"AuthenticationAuthorizationTests" start time: Sep 13 23:31 SE Asia Standard Time
Output:
----------------------------------------------------------
FoundationTests: PASS
<end of output>
Test time =   0.02 sec
----------------------------------------------------------
Test Passed.
"AuthenticationAuthorizationTests" end time: Sep 13 23:31 SE Asia Standard Time
"AuthenticationAuthorizationTests" time elapsed: 00:00:00
----------------------------------------------------------

End testing: Sep 13 23:31 SE Asia Standard Time
